<?xml version="1.0" encoding="UTF-8"?>
<!-- Generated by org.testng.reporters.JUnitReportReporter -->
<testsuite hostname="HYRD5CG7086PQW" name="testscripts.TC001_GET_CustomerInfo" tests="1" failures="0" timestamp="28 Dec 2019 09:35:21 GMT" time="3.607" errors="0">
  <testcase name="getCityWeatherInformation" time="3.607" classname="testscripts.TC001_GET_CustomerInfo"/>
</testsuite> <!-- testscripts.TC001_GET_CustomerInfo -->
