<?xml version="1.0" encoding="UTF-8"?>
<!-- Generated by org.testng.reporters.JUnitReportReporter -->
<testsuite hostname="HYRD5CG7086PQW" name="testscripts.TC001_GET_WeatherInfo" tests="1" failures="0" timestamp="29 Dec 2019 13:14:48 GMT" time="3.987" errors="0">
  <testcase name="getCityWeatherInformation" time="3.987" classname="testscripts.TC001_GET_WeatherInfo"/>
</testsuite> <!-- testscripts.TC001_GET_WeatherInfo -->
