<?xml version="1.0" encoding="UTF-8"?>
<!-- Generated by org.testng.reporters.JUnitReportReporter -->
<testsuite hostname="HYRD5CG7086PQW" name="testscripts.TC003_GET_GoogleMapsInfo" tests="1" failures="0" timestamp="29 Dec 2019 13:14:48 GMT" time="0.995" errors="0">
  <testcase name="googleMapInformatoin" time="0.995" classname="testscripts.TC003_GET_GoogleMapsInfo"/>
</testsuite> <!-- testscripts.TC003_GET_GoogleMapsInfo -->
