<?xml version="1.0" encoding="UTF-8"?>
<!-- Generated by org.testng.reporters.JUnitReportReporter -->
<testsuite hostname="HYRD5CG7086PQW" name="testscripts.TC006_GET_RequestAuthorization" tests="1" failures="0" timestamp="29 Dec 2019 13:14:48 GMT" time="1.183" errors="0">
  <testcase name="testAuthorization" time="1.183" classname="testscripts.TC006_GET_RequestAuthorization"/>
</testsuite> <!-- testscripts.TC006_GET_RequestAuthorization -->
