<?xml version="1.0" encoding="UTF-8"?>
<!-- Generated by org.testng.reporters.JUnitReportReporter -->
<testsuite hostname="HYRD5CG7086PQW" name="testscripts.TC005_GET_ExtractValuesOfEachNodeInJSON" tests="1" failures="0" timestamp="29 Dec 2019 13:14:48 GMT" time="1.249" errors="0">
  <testcase name="extractValuesOfEachNodeInJSON" time="1.249" classname="testscripts.TC005_GET_ExtractValuesOfEachNodeInJSON"/>
</testsuite> <!-- testscripts.TC005_GET_ExtractValuesOfEachNodeInJSON -->
