<?xml version="1.0" encoding="UTF-8"?>
<!-- Generated by org.testng.reporters.JUnitReportReporter -->
<testsuite hostname="HYRD5CG7086PQW" name="testscripts.TC004_GET_ValidatingJSONResponse" tests="1" failures="0" timestamp="29 Dec 2019 13:14:48 GMT" time="1.338" errors="0">
  <testcase name="validateCityWeatherInformation" time="1.338" classname="testscripts.TC004_GET_ValidatingJSONResponse"/>
</testsuite> <!-- testscripts.TC004_GET_ValidatingJSONResponse -->
